GET /api/v3/explorer 301 165 6.091 ms
GET /api/v3/explorer/ 200 - 15.596 ms
GET /api/v3/explorer/swagger-ui.css 200 - 4.847 ms
GET /api/v3/explorer/swagger-ui-init.js 200 - 5.959 ms
GET /api/v3/explorer/swagger-ui-standalone-preset.js 200 - 9.512 ms
GET /api/v3/explorer/swagger-ui-bundle.js 200 - 10.687 ms
GET /api/v3/explorer/favicon-32x32.png 200 628 0.950 ms
GET /api/v3/explorer/ 304 - 11.181 ms
GET /api/v3/explorer/swagger-ui.css 304 - 4.811 ms
GET /api/v3/explorer/swagger-ui-bundle.js 304 - 5.407 ms
GET /api/v3/explorer/swagger-ui-standalone-preset.js 304 - 6.263 ms
GET /api/v3/explorer/swagger-ui-init.js 200 - 6.828 ms
GET /api/v3/explorer/favicon-32x32.png 304 - 1.455 ms
GET /api/v3/explorer/ 304 - 9.957 ms
GET /api/v3/explorer/swagger-ui.css 304 - 3.493 ms
GET /api/v3/explorer/swagger-ui-bundle.js 304 - 4.445 ms
GET /api/v3/explorer/swagger-ui-init.js 304 - 4.590 ms
GET /api/v3/explorer/swagger-ui-standalone-preset.js 304 - 7.548 ms
GET /api/v3/explorer/favicon-32x32.png 304 - 0.896 ms
POST /api/v3/auth/admin 400 85 394.692 ms
POST /api/v3/auth/admin 200 - 269.617 ms
